<?xml version="1.0" encoding="UTF-8"?>
<testng-results skipped="0" failed="0" ignored="0" total="1" passed="1">
  <reporter-output>
  </reporter-output>
  <suite name="Default suite" duration-ms="1449" started-at="2020-06-29T21:56:22 IST" finished-at="2020-06-29T21:56:23 IST">
    <groups>
    </groups>
    <test name="Default test" duration-ms="1449" started-at="2020-06-29T21:56:22 IST" finished-at="2020-06-29T21:56:23 IST">
      <class name="com.qa.test.Test">
        <test-method status="PASS" signature="precondition()[pri:0, instance:com.qa.test.Test@370736d9]" name="precondition" is-config="true" duration-ms="5" started-at="2020-06-29T21:56:22 IST" finished-at="2020-06-29T21:56:22 IST">
          <reporter-output>
          </reporter-output>
        </test-method> <!-- precondition -->
        <test-method status="PASS" signature="getAPItest()[pri:0, instance:com.qa.test.Test@370736d9]" name="getAPItest" duration-ms="1406" started-at="2020-06-29T21:56:22 IST" finished-at="2020-06-29T21:56:23 IST">
          <reporter-output>
          </reporter-output>
        </test-method> <!-- getAPItest -->
      </class> <!-- com.qa.test.Test -->
    </test> <!-- Default test -->
  </suite> <!-- Default suite -->
</testng-results>
